<?xml version="1.0" encoding="UTF-8"?>
<!-- Generated by org.testng.reporters.JUnitReportReporter -->
<testsuite skipped="0" hostname="DESKTOP-EIAJLKB" name="Maven.SeleniumMaven.App" tests="1" failures="0" timestamp="05 Jan 2019 19:03:52 GMT" time="20.032" errors="0">
  <testcase name="testGoogle" time="20.032" classname="Maven.SeleniumMaven.App"/>
</testsuite> <!-- Maven.SeleniumMaven.App -->
